  [1m[35m (413.4ms)[0m  [1m[35mCREATE DATABASE "dizionario_development" ENCODING = 'unicode'[0m
  [1m[35m (103.1ms)[0m  [1m[35mCREATE DATABASE "dizionario_test" ENCODING = 'unicode'[0m
  [1m[35m (25.2ms)[0m  [1m[35mCREATE TABLE "schema_migrations" ("version" character varying NOT NULL PRIMARY KEY)[0m
  [1m[35m (22.9ms)[0m  [1m[35mCREATE TABLE "ar_internal_metadata" ("key" character varying NOT NULL PRIMARY KEY, "value" character varying, "created_at" timestamp(6) NOT NULL, "updated_at" timestamp(6) NOT NULL)[0m
  [1m[35m (4.9ms)[0m  [1m[34mSELECT pg_try_advisory_lock(6285235889001664560)[0m
  [1m[35m (0.5ms)[0m  [1m[34mSELECT "schema_migrations"."version" FROM "schema_migrations" ORDER BY "schema_migrations"."version" ASC[0m
Migrating to CreateMessages (20201224163839)
  [1m[35m (0.2ms)[0m  [1m[34mSELECT pg_advisory_unlock(6285235889001664560)[0m
  [1m[35m (0.2ms)[0m  [1m[34mSELECT pg_try_advisory_lock(6285235889001664560)[0m
  [1m[35m (0.4ms)[0m  [1m[34mSELECT "schema_migrations"."version" FROM "schema_migrations" ORDER BY "schema_migrations"."version" ASC[0m
Migrating to CreateMessages (20201224163839)
  [1m[36mTRANSACTION (0.1ms)[0m  [1m[35mBEGIN[0m
  [1m[35m (8.0ms)[0m  [1m[35mCREATE TABLE "messages" ("id" bigserial primary key, "completed" boolean, "text" text, "chat_id" bigint, "created_at" timestamp(6) NOT NULL, "updated_at" timestamp(6) NOT NULL)[0m
  [1m[36mActiveRecord::SchemaMigration Create (2.5ms)[0m  [1m[32mINSERT INTO "schema_migrations" ("version") VALUES ($1) RETURNING "version"[0m  [["version", "20201224163839"]]
  [1m[36mTRANSACTION (0.7ms)[0m  [1m[35mCOMMIT[0m
  [1m[36mActiveRecord::InternalMetadata Load (0.3ms)[0m  [1m[34mSELECT "ar_internal_metadata".* FROM "ar_internal_metadata" WHERE "ar_internal_metadata"."key" = $1 LIMIT $2[0m  [["key", "environment"], ["LIMIT", 1]]
  [1m[36mTRANSACTION (0.1ms)[0m  [1m[35mBEGIN[0m
  [1m[36mActiveRecord::InternalMetadata Create (1.3ms)[0m  [1m[32mINSERT INTO "ar_internal_metadata" ("key", "value", "created_at", "updated_at") VALUES ($1, $2, $3, $4) RETURNING "key"[0m  [["key", "environment"], ["value", "development"], ["created_at", "2020-12-24 16:39:45.235224"], ["updated_at", "2020-12-24 16:39:45.235224"]]
  [1m[36mTRANSACTION (0.3ms)[0m  [1m[35mCOMMIT[0m
  [1m[35m (0.2ms)[0m  [1m[34mSELECT pg_advisory_unlock(6285235889001664560)[0m
  [1m[35m (0.5ms)[0m  [1m[34mSELECT "schema_migrations"."version" FROM "schema_migrations" ORDER BY "schema_migrations"."version" ASC[0m
Started GET "/" for 127.0.0.1 at 2020-12-24 17:55:57 +0100
Started GET "/" for 127.0.0.1 at 2020-12-24 17:55:57 +0100
  [1m[35m (3.0ms)[0m  [1m[34mSELECT "schema_migrations"."version" FROM "schema_migrations" ORDER BY "schema_migrations"."version" ASC[0m
  
ActionController::RoutingError (uninitialized constant HomeController):
  
  
ActionController::RoutingError (uninitialized constant HomeController):
  
Started GET "/" for 127.0.0.1 at 2020-12-24 17:56:09 +0100
  
ArgumentError (wrong number of arguments (given 1, expected 0)):
  
app/controllers/process_controller.rb:6:in `process'
Started GET "/" for 127.0.0.1 at 2020-12-24 17:56:10 +0100
  
ArgumentError (wrong number of arguments (given 1, expected 0)):
  
app/controllers/process_controller.rb:6:in `process'
Started GET "/" for 127.0.0.1 at 2020-12-24 17:57:24 +0100
Processing by ProcessController#home as HTML
  [1m[35m (22.8ms)[0m  [1m[34mSELECT COUNT(*) FROM "messages" WHERE "messages"."completed" = $1[0m  [["completed", true]]
  ↳ app/controllers/process_controller.rb:4:in `home'
  Rendering layout layouts/application.html.erb
  Rendering process/home.html.erb within layouts/application
  Rendered process/home.html.erb within layouts/application (Duration: 0.4ms | Allocations: 144)
[Webpacker] Compiling...
[Webpacker] Compiled all packs in /Users/ferdi2005/Codice/dizionario/public/packs
[Webpacker] Hash: 415a948d492e21802f43
Version: webpack 4.44.2
Time: 1597ms
Built at: 2020-12-24 17:57:28
                                     Asset       Size       Chunks                         Chunk Names
    js/application-d5a3c3b4dce84b5eb605.js    125 KiB  application  [emitted] [immutable]  application
js/application-d5a3c3b4dce84b5eb605.js.map    139 KiB  application  [emitted] [dev]        application
                             manifest.json  364 bytes               [emitted]              
Entrypoint application = js/application-d5a3c3b4dce84b5eb605.js js/application-d5a3c3b4dce84b5eb605.js.map
[./app/javascript/channels sync recursive _channel\.js$] ./app/javascript/channels sync _channel\.js$ 160 bytes {application} [built]
[./app/javascript/channels/index.js] 211 bytes {application} [built]
[./app/javascript/packs/application.js] 492 bytes {application} [built]
[./node_modules/webpack/buildin/module.js] (webpack)/buildin/module.js 552 bytes {application} [built]
    + 3 hidden modules

  Rendered layout layouts/application.html.erb (Duration: 3471.8ms | Allocations: 18080)
Completed 200 OK in 3512ms (Views: 3473.6ms | ActiveRecord: 24.7ms | Allocations: 23596)


Started GET "/" for 127.0.0.1 at 2020-12-24 17:57:37 +0100
Processing by ProcessController#home as HTML
  [1m[35m (0.7ms)[0m  [1m[34mSELECT COUNT(*) FROM "messages" WHERE "messages"."completed" = $1[0m  [["completed", true]]
  ↳ app/controllers/process_controller.rb:4:in `home'
  Rendering layout layouts/application.html.erb
  Rendering process/home.html.erb within layouts/application
  Rendered process/home.html.erb within layouts/application (Duration: 0.3ms | Allocations: 145)
[Webpacker] Everything's up-to-date. Nothing to do
  Rendered layout layouts/application.html.erb (Duration: 6.9ms | Allocations: 4182)
Completed 200 OK in 12ms (Views: 8.6ms | ActiveRecord: 0.7ms | Allocations: 6178)


Started GET "/" for 127.0.0.1 at 2020-12-24 17:57:39 +0100
Processing by ProcessController#home as HTML
  [1m[35m (0.8ms)[0m  [1m[34mSELECT COUNT(*) FROM "messages" WHERE "messages"."completed" = $1[0m  [["completed", true]]
  ↳ app/controllers/process_controller.rb:4:in `home'
  Rendering layout layouts/application.html.erb
  Rendering process/home.html.erb within layouts/application
  Rendered process/home.html.erb within layouts/application (Duration: 0.1ms | Allocations: 41)
[Webpacker] Everything's up-to-date. Nothing to do
  Rendered layout layouts/application.html.erb (Duration: 8.4ms | Allocations: 4132)
Completed 200 OK in 12ms (Views: 8.9ms | ActiveRecord: 0.8ms | Allocations: 5449)


Started GET "/process" for 127.0.0.1 at 2020-12-24 18:16:28 +0100
  [1m[35m (0.9ms)[0m  [1m[34mSELECT "schema_migrations"."version" FROM "schema_migrations" ORDER BY "schema_migrations"."version" ASC[0m
  
ActionController::RoutingError (No route matches [GET] "/process"):
  
Started POST "/process" for 127.0.0.1 at 2020-12-24 18:17:04 +0100
Processing by ProcessController#processing as HTML
Started POST "/process" for 127.0.0.1 at 2020-12-24 18:18:21 +0100
Completed 500 Internal Server Error in 76672ms (ActiveRecord: 0.0ms | Allocations: 228152)


  
SystemExit (exit):
  
(byebug):1:in `exit'
(byebug):1:in `processing'
app/controllers/process_controller.rb:15:in `processing'
Processing by ProcessController#processing as HTML
Completed 500 Internal Server Error in 12562ms (ActiveRecord: 0.0ms | Allocations: 164768)


  
NoMethodError (undefined method `[]' for nil:NilClass):
  
app/controllers/process_controller.rb:16:in `processing'
